<?xml version="1.0" encoding="UTF-8"?>
<!-- Generated by org.testng.reporters.JUnitXMLReporter -->
<testsuite ignored="0" hostname="DESKTOP-ECS1L4V" failures="0" tests="10" name="Surefire test" time="16.747" errors="0" timestamp="2026-09-04T02:08:36 BDT">
  <testcase classname="com.srms.AddResultPageTest" name="openAddResultPageTest" time="0.265"/>
  <testcase classname="com.srms.AddStudentPageTest" name="openAddStudentPageTest" time="0.132"/>
  <testcase classname="com.srms.AddStudentTest" name="addStudentTest" time="0.687"/>
  <testcase classname="com.srms.ChangePasswordPageTest" name="openChangePasswordPageTest" time="0.278"/>
  <testcase classname="com.srms.CreateSubjectPageTest" name="openCreateSubjectPageTest" time="0.26"/>
  <testcase classname="com.srms.DashboardTest" name="verifyDashboardTest" time="0.094"/>
  <testcase classname="com.srms.InvalidLoginTest" name="invalidLoginTest" time="0.232"/>
  <testcase classname="com.srms.LoginTest" name="validLoginTest" time="0.282"/>
  <testcase classname="com.srms.LogoutTest" name="logoutTest" time="0.331"/>
  <testcase classname="com.srms.SearchStudentTest" name="searchStudentTest" time="0.587"/>
</testsuite> <!-- Surefire test -->
