<?xml version="1.0" encoding="UTF-8"?>
<testng-results ignored="0" total="10" passed="10" failed="0" skipped="0">
  <reporter-output>
  </reporter-output>
  <suite started-at="2026-09-04T02:08:19 BDT" name="Surefire suite" finished-at="2026-09-04T02:08:36 BDT" duration-ms="16747">
    <groups>
    </groups>
    <test started-at="2026-09-04T02:08:19 BDT" name="Surefire test" finished-at="2026-09-04T02:08:36 BDT" duration-ms="16747">
      <class name="com.srms.CreateSubjectPageTest">
        <test-method is-config="true" signature="setUp()[pri:0, instance:com.srms.CreateSubjectPageTest@78b66d36]" started-at="2026-09-04T02:08:27 BDT" name="setUp" finished-at="2026-09-04T02:08:28 BDT" duration-ms="1190" status="PASS">
          <reporter-output>
          </reporter-output>
        </test-method> <!-- setUp -->
        <test-method signature="openCreateSubjectPageTest()[pri:0, instance:com.srms.CreateSubjectPageTest@78b66d36]" started-at="2026-09-04T02:08:28 BDT" name="openCreateSubjectPageTest" finished-at="2026-09-04T02:08:28 BDT" duration-ms="260" status="PASS">
          <reporter-output>
          </reporter-output>
        </test-method> <!-- openCreateSubjectPageTest -->
        <test-method is-config="true" signature="tearDown()[pri:0, instance:com.srms.CreateSubjectPageTest@78b66d36]" started-at="2026-09-04T02:08:28 BDT" name="tearDown" finished-at="2026-09-04T02:08:28 BDT" duration-ms="155" status="PASS">
          <reporter-output>
          </reporter-output>
        </test-method> <!-- tearDown -->
      </class> <!-- com.srms.CreateSubjectPageTest -->
      <class name="com.srms.AddStudentTest">
        <test-method is-config="true" signature="setUp()[pri:0, instance:com.srms.AddStudentTest@10e92f8f]" started-at="2026-09-04T02:08:23 BDT" name="setUp" finished-at="2026-09-04T02:08:24 BDT" duration-ms="1207" status="PASS">
          <reporter-output>
          </reporter-output>
        </test-method> <!-- setUp -->
        <test-method signature="addStudentTest()[pri:0, instance:com.srms.AddStudentTest@10e92f8f]" started-at="2026-09-04T02:08:24 BDT" name="addStudentTest" finished-at="2026-09-04T02:08:25 BDT" duration-ms="687" status="PASS">
          <reporter-output>
          </reporter-output>
        </test-method> <!-- addStudentTest -->
        <test-method is-config="true" signature="tearDown()[pri:0, instance:com.srms.AddStudentTest@10e92f8f]" started-at="2026-09-04T02:08:25 BDT" name="tearDown" finished-at="2026-09-04T02:08:25 BDT" duration-ms="145" status="PASS">
          <reporter-output>
          </reporter-output>
        </test-method> <!-- tearDown -->
      </class> <!-- com.srms.AddStudentTest -->
      <class name="com.srms.LogoutTest">
        <test-method is-config="true" signature="setUp()[pri:0, instance:com.srms.LogoutTest@22a637e7]" started-at="2026-09-04T02:08:33 BDT" name="setUp" finished-at="2026-09-04T02:08:34 BDT" duration-ms="1174" status="PASS">
          <reporter-output>
          </reporter-output>
        </test-method> <!-- setUp -->
        <test-method signature="logoutTest()[pri:0, instance:com.srms.LogoutTest@22a637e7]" started-at="2026-09-04T02:08:34 BDT" name="logoutTest" finished-at="2026-09-04T02:08:34 BDT" duration-ms="331" status="PASS">
          <reporter-output>
          </reporter-output>
        </test-method> <!-- logoutTest -->
        <test-method is-config="true" signature="tearDown()[pri:0, instance:com.srms.LogoutTest@22a637e7]" started-at="2026-09-04T02:08:34 BDT" name="tearDown" finished-at="2026-09-04T02:08:34 BDT" duration-ms="158" status="PASS">
          <reporter-output>
          </reporter-output>
        </test-method> <!-- tearDown -->
      </class> <!-- com.srms.LogoutTest -->
      <class name="com.srms.LoginTest">
        <test-method is-config="true" signature="setUp()[pri:0, instance:com.srms.LoginTest@69b2283a]" started-at="2026-09-04T02:08:31 BDT" name="setUp" finished-at="2026-09-04T02:08:32 BDT" duration-ms="1026" status="PASS">
          <reporter-output>
          </reporter-output>
        </test-method> <!-- setUp -->
        <test-method signature="validLoginTest()[pri:0, instance:com.srms.LoginTest@69b2283a]" started-at="2026-09-04T02:08:32 BDT" name="validLoginTest" finished-at="2026-09-04T02:08:32 BDT" duration-ms="282" status="PASS">
          <reporter-output>
          </reporter-output>
        </test-method> <!-- validLoginTest -->
        <test-method is-config="true" signature="tearDown()[pri:0, instance:com.srms.LoginTest@69b2283a]" started-at="2026-09-04T02:08:32 BDT" name="tearDown" finished-at="2026-09-04T02:08:33 BDT" duration-ms="138" status="PASS">
          <reporter-output>
          </reporter-output>
        </test-method> <!-- tearDown -->
      </class> <!-- com.srms.LoginTest -->
      <class name="com.srms.ChangePasswordPageTest">
        <test-method is-config="true" signature="setUp()[pri:0, instance:com.srms.ChangePasswordPageTest@7ce3cb8e]" started-at="2026-09-04T02:08:25 BDT" name="setUp" finished-at="2026-09-04T02:08:26 BDT" duration-ms="1194" status="PASS">
          <reporter-output>
          </reporter-output>
        </test-method> <!-- setUp -->
        <test-method signature="openChangePasswordPageTest()[pri:0, instance:com.srms.ChangePasswordPageTest@7ce3cb8e]" started-at="2026-09-04T02:08:26 BDT" name="openChangePasswordPageTest" finished-at="2026-09-04T02:08:26 BDT" duration-ms="278" status="PASS">
          <reporter-output>
          </reporter-output>
        </test-method> <!-- openChangePasswordPageTest -->
        <test-method is-config="true" signature="tearDown()[pri:0, instance:com.srms.ChangePasswordPageTest@7ce3cb8e]" started-at="2026-09-04T02:08:26 BDT" name="tearDown" finished-at="2026-09-04T02:08:27 BDT" duration-ms="146" status="PASS">
          <reporter-output>
          </reporter-output>
        </test-method> <!-- tearDown -->
      </class> <!-- com.srms.ChangePasswordPageTest -->
      <class name="com.srms.InvalidLoginTest">
        <test-method is-config="true" signature="setUp()[pri:0, instance:com.srms.InvalidLoginTest@bef2d72]" started-at="2026-09-04T02:08:30 BDT" name="setUp" finished-at="2026-09-04T02:08:31 BDT" duration-ms="1054" status="PASS">
          <reporter-output>
          </reporter-output>
        </test-method> <!-- setUp -->
        <test-method signature="invalidLoginTest()[pri:0, instance:com.srms.InvalidLoginTest@bef2d72]" started-at="2026-09-04T02:08:31 BDT" name="invalidLoginTest" finished-at="2026-09-04T02:08:31 BDT" duration-ms="232" status="PASS">
          <reporter-output>
          </reporter-output>
        </test-method> <!-- invalidLoginTest -->
        <test-method is-config="true" signature="tearDown()[pri:0, instance:com.srms.InvalidLoginTest@bef2d72]" started-at="2026-09-04T02:08:31 BDT" name="tearDown" finished-at="2026-09-04T02:08:31 BDT" duration-ms="149" status="PASS">
          <reporter-output>
          </reporter-output>
        </test-method> <!-- tearDown -->
      </class> <!-- com.srms.InvalidLoginTest -->
      <class name="com.srms.AddStudentPageTest">
        <test-method is-config="true" signature="setUp()[pri:0, instance:com.srms.AddStudentPageTest@6ef888f6]" started-at="2026-09-04T02:08:22 BDT" name="setUp" finished-at="2026-09-04T02:08:23 BDT" duration-ms="1195" status="PASS">
          <reporter-output>
          </reporter-output>
        </test-method> <!-- setUp -->
        <test-method signature="openAddStudentPageTest()[pri:0, instance:com.srms.AddStudentPageTest@6ef888f6]" started-at="2026-09-04T02:08:23 BDT" name="openAddStudentPageTest" finished-at="2026-09-04T02:08:23 BDT" duration-ms="132" status="PASS">
          <reporter-output>
          </reporter-output>
        </test-method> <!-- openAddStudentPageTest -->
        <test-method is-config="true" signature="tearDown()[pri:0, instance:com.srms.AddStudentPageTest@6ef888f6]" started-at="2026-09-04T02:08:23 BDT" name="tearDown" finished-at="2026-09-04T02:08:23 BDT" duration-ms="131" status="PASS">
          <reporter-output>
          </reporter-output>
        </test-method> <!-- tearDown -->
      </class> <!-- com.srms.AddStudentPageTest -->
      <class name="com.srms.SearchStudentTest">
        <test-method is-config="true" signature="setUp()[pri:0, instance:com.srms.SearchStudentTest@6fe7aac8]" started-at="2026-09-04T02:08:34 BDT" name="setUp" finished-at="2026-09-04T02:08:35 BDT" duration-ms="1213" status="PASS">
          <reporter-output>
          </reporter-output>
        </test-method> <!-- setUp -->
        <test-method signature="searchStudentTest()[pri:0, instance:com.srms.SearchStudentTest@6fe7aac8]" started-at="2026-09-04T02:08:35 BDT" name="searchStudentTest" finished-at="2026-09-04T02:08:36 BDT" duration-ms="587" status="PASS">
          <reporter-output>
          </reporter-output>
        </test-method> <!-- searchStudentTest -->
        <test-method is-config="true" signature="tearDown()[pri:0, instance:com.srms.SearchStudentTest@6fe7aac8]" started-at="2026-09-04T02:08:36 BDT" name="tearDown" finished-at="2026-09-04T02:08:36 BDT" duration-ms="133" status="PASS">
          <reporter-output>
          </reporter-output>
        </test-method> <!-- tearDown -->
      </class> <!-- com.srms.SearchStudentTest -->
      <class name="com.srms.DashboardTest">
        <test-method is-config="true" signature="setUp()[pri:0, instance:com.srms.DashboardTest@5223e5ee]" started-at="2026-09-04T02:08:28 BDT" name="setUp" finished-at="2026-09-04T02:08:29 BDT" duration-ms="1170" status="PASS">
          <reporter-output>
          </reporter-output>
        </test-method> <!-- setUp -->
        <test-method signature="verifyDashboardTest()[pri:0, instance:com.srms.DashboardTest@5223e5ee]" started-at="2026-09-04T02:08:29 BDT" name="verifyDashboardTest" finished-at="2026-09-04T02:08:30 BDT" duration-ms="94" status="PASS">
          <reporter-output>
          </reporter-output>
        </test-method> <!-- verifyDashboardTest -->
        <test-method is-config="true" signature="tearDown()[pri:0, instance:com.srms.DashboardTest@5223e5ee]" started-at="2026-09-04T02:08:30 BDT" name="tearDown" finished-at="2026-09-04T02:08:30 BDT" duration-ms="166" status="PASS">
          <reporter-output>
          </reporter-output>
        </test-method> <!-- tearDown -->
      </class> <!-- com.srms.DashboardTest -->
      <class name="com.srms.AddResultPageTest">
        <test-method is-config="true" signature="setUp()[pri:0, instance:com.srms.AddResultPageTest@419c5f1a]" started-at="2026-09-04T02:08:19 BDT" name="setUp" finished-at="2026-09-04T02:08:21 BDT" duration-ms="1646" status="PASS">
          <reporter-output>
          </reporter-output>
        </test-method> <!-- setUp -->
        <test-method signature="openAddResultPageTest()[pri:0, instance:com.srms.AddResultPageTest@419c5f1a]" started-at="2026-09-04T02:08:21 BDT" name="openAddResultPageTest" finished-at="2026-09-04T02:08:21 BDT" duration-ms="265" status="PASS">
          <reporter-output>
          </reporter-output>
        </test-method> <!-- openAddResultPageTest -->
        <test-method is-config="true" signature="tearDown()[pri:0, instance:com.srms.AddResultPageTest@419c5f1a]" started-at="2026-09-04T02:08:21 BDT" name="tearDown" finished-at="2026-09-04T02:08:22 BDT" duration-ms="171" status="PASS">
          <reporter-output>
          </reporter-output>
        </test-method> <!-- tearDown -->
      </class> <!-- com.srms.AddResultPageTest -->
    </test> <!-- Surefire test -->
  </suite> <!-- Surefire suite -->
</testng-results>
